<?xml version="1.0" encoding="UTF-8"?>
<!-- Generated by org.testng.reporters.JUnitReportReporter -->
<testsuite skipped="0" hostname="CPU351" name="Scripts.Workflows_Script" tests="1" failures="0" timestamp="03 May 2019 05:11:07 GMT" time="111.143" errors="0">
  <testcase name="workFlows" time="111.143" classname="Scripts.Workflows_Script"/>
</testsuite> <!-- Scripts.Workflows_Script -->
