<?xml version="1.0" encoding="UTF-8"?>
<!-- Generated by org.testng.reporters.JUnitReportReporter -->
<testsuite skipped="0" hostname="CPU351" name="Scripts.Logout_Script" tests="1" failures="0" timestamp="20 Jun 2019 05:51:59 GMT" time="3.041" errors="0">
  <testcase name="Logout" time="3.041" classname="Scripts.Logout_Script"/>
</testsuite> <!-- Scripts.Logout_Script -->
