<?xml version="1.0" encoding="UTF-8"?>
<!-- Generated by org.testng.reporters.JUnitReportReporter -->
<testsuite skipped="0" hostname="CPU351" name="Scripts.Form16Sign_Script" tests="8" failures="0" timestamp="20 Jun 2019 10:29:00 GMT" time="150.831" errors="0">
  <testcase name="Form16Sign1" time="49.885" classname="Scripts.Form16Sign_Script"/>
  <testcase name="Form16Sign1" time="7.059" classname="Scripts.Form16Sign_Script"/>
  <testcase name="Form16Sign1" time="9.723" classname="Scripts.Form16Sign_Script"/>
  <testcase name="Form16Sign1" time="19.056" classname="Scripts.Form16Sign_Script"/>
  <testcase name="Form16Sign1" time="4.991" classname="Scripts.Form16Sign_Script"/>
  <testcase name="Form16Sign1" time="7.592" classname="Scripts.Form16Sign_Script"/>
  <testcase name="Form16Sign1" time="0.680" classname="Scripts.Form16Sign_Script"/>
  <testcase name="Form16Sign1" time="51.845" classname="Scripts.Form16Sign_Script"/>
</testsuite> <!-- Scripts.Form16Sign_Script -->
