<?xml version="1.0" encoding="UTF-8"?>
<!-- Generated by org.testng.reporters.JUnitReportReporter -->
<testsuite skipped="0" hostname="CPU351" name="Scripts.Login_Script" tests="2" failures="0" timestamp="16 May 2019 05:01:38 GMT" time="21.910" errors="0">
  <testcase name="Login" time="11.447" classname="Scripts.Login_Script"/>
  <testcase name="Login" time="10.463" classname="Scripts.Login_Script"/>
</testsuite> <!-- Scripts.Login_Script -->
