<?xml version="1.0" encoding="UTF-8"?>
<!-- Generated by org.testng.reporters.JUnitReportReporter -->
<testsuite skipped="0" hostname="CPU351" name="Scripts.Form16Sign_Script" tests="8" failures="0" timestamp="03 May 2019 10:05:50 GMT" time="139.723" errors="0">
  <testcase name="Form16Sign1" time="10.054" classname="Scripts.Form16Sign_Script"/>
  <testcase name="Form16Sign1" time="48.323" classname="Scripts.Form16Sign_Script"/>
  <testcase name="Form16Sign1" time="6.941" classname="Scripts.Form16Sign_Script"/>
  <testcase name="Form16Sign1" time="9.537" classname="Scripts.Form16Sign_Script"/>
  <testcase name="Form16Sign1" time="4.818" classname="Scripts.Form16Sign_Script"/>
  <testcase name="Form16Sign1" time="7.511" classname="Scripts.Form16Sign_Script"/>
  <testcase name="Form16Sign1" time="0.613" classname="Scripts.Form16Sign_Script"/>
  <testcase name="Form16Sign1" time="51.926" classname="Scripts.Form16Sign_Script"/>
</testsuite> <!-- Scripts.Form16Sign_Script -->
