<?xml version="1.0" encoding="UTF-8"?>
<!-- Generated by org.testng.reporters.JUnitReportReporter -->
<testsuite skipped="0" hostname="CPU351" name="Scripts.PlansNPricing_Script" tests="1" failures="0" timestamp="27 May 2019 05:58:26 GMT" time="35.506" errors="0">
  <testcase name="plansPricing" time="35.506" classname="Scripts.PlansNPricing_Script"/>
</testsuite> <!-- Scripts.PlansNPricing_Script -->
