<?xml version="1.0" encoding="UTF-8"?>
<!-- Generated by org.testng.reporters.JUnitReportReporter -->
<testsuite skipped="0" hostname="CPU351" name="Scripts.AnyDoc_Script" tests="5" failures="0" timestamp="20 Jun 2019 10:56:28 GMT" time="116.389" errors="0">
  <testcase name="anyDoc" time="0.005" classname="Scripts.AnyDoc_Script"/>
  <testcase name="anyDoc" time="10.663" classname="Scripts.AnyDoc_Script"/>
  <testcase name="anyDoc" time="61.435" classname="Scripts.AnyDoc_Script"/>
  <testcase name="anyDoc" time="9.803" classname="Scripts.AnyDoc_Script"/>
  <testcase name="dsignanyDoc" time="34.483" classname="Scripts.AnyDoc_Script"/>
</testsuite> <!-- Scripts.AnyDoc_Script -->
