<?xml version="1.0" encoding="UTF-8"?>
<!-- Generated by org.testng.reporters.JUnitReportReporter -->
<testsuite skipped="0" hostname="CPU351" name="Scripts.WrkflwsDocUpld_Script" tests="1" failures="0" timestamp="30 Apr 2019 10:46:21 GMT" time="103.682" errors="0">
  <testcase name="workFlows" time="103.682" classname="Scripts.WrkflwsDocUpld_Script"/>
</testsuite> <!-- Scripts.WrkflwsDocUpld_Script -->
