<?xml version="1.0" encoding="UTF-8"?>
<!-- Generated by org.testng.reporters.JUnitReportReporter -->
<testsuite skipped="0" hostname="CPU351" name="Scripts.AnyDoceSign_Script" tests="1" failures="0" timestamp="03 May 2019 09:30:51 GMT" time="97.357" errors="0">
  <testcase name="anyDoceSign" time="97.357" classname="Scripts.AnyDoceSign_Script"/>
</testsuite> <!-- Scripts.AnyDoceSign_Script -->
