<?xml version="1.0" encoding="UTF-8"?>
<!-- Generated by org.testng.reporters.JUnitReportReporter -->
<testsuite skipped="0" hostname="CPU351" name="Scripts.WorkflowseSign_Script" tests="1" failures="0" timestamp="21 Jun 2019 07:25:35 GMT" time="152.189" errors="0">
  <testcase name="workFlows" time="152.189" classname="Scripts.WorkflowseSign_Script"/>
</testsuite> <!-- Scripts.WorkflowseSign_Script -->
