<?xml version="1.0" encoding="UTF-8"?>
<!-- Generated by org.testng.reporters.JUnitReportReporter -->
<testsuite skipped="0" hostname="CPU351" name="Scripts.Docstore_Script" tests="3" failures="0" timestamp="30 Apr 2019 06:32:25 GMT" time="57.628" errors="0">
  <testcase name="dash_docStore" time="31.130" classname="Scripts.Docstore_Script"/>
  <testcase name="uploadDoc" time="23.703" classname="Scripts.Docstore_Script"/>
  <testcase name="exprtExcel" time="2.795" classname="Scripts.Docstore_Script"/>
</testsuite> <!-- Scripts.Docstore_Script -->
