<?xml version="1.0" encoding="UTF-8"?>
<!-- Generated by org.testng.reporters.JUnitReportReporter -->
<testsuite skipped="0" hostname="CPU351" name="Scripts.CreateDoceSign_Script" tests="1" failures="0" timestamp="20 Jun 2019 09:41:11 GMT" time="152.438" errors="0">
  <testcase name="createDocument" time="152.438" classname="Scripts.CreateDoceSign_Script"/>
</testsuite> <!-- Scripts.CreateDoceSign_Script -->
