<?xml version="1.0" encoding="UTF-8"?>
<!-- Generated by org.testng.reporters.JUnitReportReporter -->
<testsuite skipped="0" hostname="CPU351" name="Scripts.ManageWrkflwFlexi_Script" tests="2" failures="0" timestamp="19 Jun 2019 10:59:07 GMT" time="147.794" errors="0">
  <testcase name="settingPage" time="7.212" classname="Scripts.ManageWrkflwFlexi_Script"/>
  <testcase name="mangeWfFlexi" time="140.582" classname="Scripts.ManageWrkflwFlexi_Script"/>
</testsuite> <!-- Scripts.ManageWrkflwFlexi_Script -->
