<?xml version="1.0" encoding="UTF-8"?>
<!-- Generated by org.testng.reporters.JUnitReportReporter -->
<testsuite skipped="0" hostname="CPU351" name="Scripts.DecryptMultipleFiles_Script" tests="8" failures="0" timestamp="03 May 2019 10:29:57 GMT" time="70.220" errors="0">
  <testcase name="settingPage" time="5.903" classname="Scripts.DecryptMultipleFiles_Script"/>
  <testcase name="mltpleFilesDecryptPage" time="0.003" classname="Scripts.DecryptMultipleFiles_Script"/>
  <testcase name="mltpleFilesDecryptPage" time="21.091" classname="Scripts.DecryptMultipleFiles_Script"/>
  <testcase name="mltpleFilesDecryptPage" time="33.154" classname="Scripts.DecryptMultipleFiles_Script"/>
  <testcase name="mltpleFilesDecryptPage" time="0.000" classname="Scripts.DecryptMultipleFiles_Script"/>
  <testcase name="mltpleFilesDecryptPage" time="0.015" classname="Scripts.DecryptMultipleFiles_Script"/>
  <testcase name="mltpleFilesDecryptPage" time="10.050" classname="Scripts.DecryptMultipleFiles_Script"/>
  <testcase name="mltpleFilesDecryptPage" time="0.004" classname="Scripts.DecryptMultipleFiles_Script"/>
</testsuite> <!-- Scripts.DecryptMultipleFiles_Script -->
