<?xml version="1.0" encoding="UTF-8"?>
<!-- Generated by org.testng.reporters.JUnitReportReporter -->
<testsuite skipped="0" hostname="CPU351" name="Scripts.WrkflwsDocUpld_Script" tests="1" failures="0" timestamp="19 Jun 2019 10:59:07 GMT" time="105.847" errors="0">
  <testcase name="workFlows" time="105.847" classname="Scripts.WrkflwsDocUpld_Script"/>
</testsuite> <!-- Scripts.WrkflwsDocUpld_Script -->
