<?xml version="1.0" encoding="UTF-8"?>
<!-- Generated by org.testng.reporters.JUnitReportReporter -->
<testsuite skipped="0" hostname="CPU351" name="Scripts.DecryptMultipleFiles_Script" tests="8" failures="0" timestamp="20 Jun 2019 10:49:32 GMT" time="91.981" errors="0">
  <testcase name="settingPage" time="9.920" classname="Scripts.DecryptMultipleFiles_Script"/>
  <testcase name="mltpleFilesDecryptPage" time="11.189" classname="Scripts.DecryptMultipleFiles_Script"/>
  <testcase name="mltpleFilesDecryptPage" time="0.007" classname="Scripts.DecryptMultipleFiles_Script"/>
  <testcase name="mltpleFilesDecryptPage" time="0.002" classname="Scripts.DecryptMultipleFiles_Script"/>
  <testcase name="mltpleFilesDecryptPage" time="0.001" classname="Scripts.DecryptMultipleFiles_Script"/>
  <testcase name="mltpleFilesDecryptPage" time="38.012" classname="Scripts.DecryptMultipleFiles_Script"/>
  <testcase name="mltpleFilesDecryptPage" time="0.001" classname="Scripts.DecryptMultipleFiles_Script"/>
  <testcase name="mltpleFilesDecryptPage" time="32.849" classname="Scripts.DecryptMultipleFiles_Script"/>
</testsuite> <!-- Scripts.DecryptMultipleFiles_Script -->
