<?xml version="1.0" encoding="UTF-8"?>
<!-- Generated by org.testng.reporters.JUnitReportReporter -->
<testsuite skipped="0" hostname="CPU351" name="Scripts.Decrypt_Script" tests="8" failures="0" timestamp="20 Jun 2019 10:49:32 GMT" time="87.715" errors="0">
  <testcase name="settingPage" time="9.852" classname="Scripts.Decrypt_Script"/>
  <testcase name="DecryptPage" time="0.001" classname="Scripts.Decrypt_Script"/>
  <testcase name="DecryptPage" time="0.002" classname="Scripts.Decrypt_Script"/>
  <testcase name="DecryptPage" time="37.740" classname="Scripts.Decrypt_Script"/>
  <testcase name="DecryptPage" time="7.081" classname="Scripts.Decrypt_Script"/>
  <testcase name="DecryptPage" time="33.036" classname="Scripts.Decrypt_Script"/>
  <testcase name="DecryptPage" time="0.001" classname="Scripts.Decrypt_Script"/>
  <testcase name="DecryptPage" time="0.002" classname="Scripts.Decrypt_Script"/>
</testsuite> <!-- Scripts.Decrypt_Script -->
