<?xml version="1.0" encoding="UTF-8"?>
<!-- Generated by org.testng.reporters.JUnitReportReporter -->
<testsuite skipped="0" hostname="CPU351" name="Scripts.AnyDocChooseTemp_Script" tests="1" failures="0" timestamp="20 Jun 2019 10:56:28 GMT" time="95.047" errors="0">
  <testcase name="anyDoc" time="95.047" classname="Scripts.AnyDocChooseTemp_Script"/>
</testsuite> <!-- Scripts.AnyDocChooseTemp_Script -->
