<?xml version="1.0" encoding="UTF-8"?>
<!-- Generated by org.testng.reporters.JUnitReportReporter -->
<testsuite skipped="0" hostname="CPU351" name="Scripts.LoginErrCheck_Script" tests="4" failures="0" timestamp="16 May 2019 05:01:38 GMT" time="11.409" errors="0">
  <testcase name="LoginErrCheck" time="3.084" classname="Scripts.LoginErrCheck_Script"/>
  <testcase name="LoginErrCheck" time="1.328" classname="Scripts.LoginErrCheck_Script"/>
  <testcase name="LoginErrCheck" time="3.615" classname="Scripts.LoginErrCheck_Script"/>
  <testcase name="LoginErrCheck" time="3.382" classname="Scripts.LoginErrCheck_Script"/>
</testsuite> <!-- Scripts.LoginErrCheck_Script -->
