<?xml version="1.0" encoding="UTF-8"?>
<!-- Generated by org.testng.reporters.JUnitReportReporter -->
<testsuite skipped="0" hostname="CPU351" name="Scripts.BulkDocChooseTemp_Script" tests="1" failures="0" timestamp="21 Jun 2019 06:14:20 GMT" time="65.813" errors="0">
  <testcase name="bulkDocChooseTemp" time="65.813" classname="Scripts.BulkDocChooseTemp_Script"/>
</testsuite> <!-- Scripts.BulkDocChooseTemp_Script -->
