<?xml version="1.0" encoding="UTF-8"?>
<!-- Generated by org.testng.reporters.JUnitReportReporter -->
<testsuite skipped="0" hostname="CPU351" name="Scripts.CreateDoc_Script" tests="1" failures="0" timestamp="16 May 2019 05:01:38 GMT" time="83.694" errors="0">
  <testcase name="createDocument" time="83.694" classname="Scripts.CreateDoc_Script"/>
</testsuite> <!-- Scripts.CreateDoc_Script -->
