<?xml version="1.0" encoding="UTF-8"?>
<!-- Generated by org.testng.reporters.JUnitReportReporter -->
<testsuite skipped="0" hostname="CPU351" name="Scripts.Encrypt_Script" tests="11" failures="0" timestamp="20 Jun 2019 10:49:32 GMT" time="177.962" errors="0">
  <testcase name="settingPage" time="9.981" classname="Scripts.Encrypt_Script"/>
  <testcase name="EncryptPage" time="33.338" classname="Scripts.Encrypt_Script"/>
  <testcase name="EncryptPage" time="34.911" classname="Scripts.Encrypt_Script"/>
  <testcase name="EncryptPage" time="5.458" classname="Scripts.Encrypt_Script"/>
  <testcase name="EncryptPage" time="11.528" classname="Scripts.Encrypt_Script"/>
  <testcase name="EncryptPage" time="7.290" classname="Scripts.Encrypt_Script"/>
  <testcase name="EncryptPage" time="11.801" classname="Scripts.Encrypt_Script"/>
  <testcase name="EncryptPage" time="11.667" classname="Scripts.Encrypt_Script"/>
  <testcase name="EncryptPage" time="20.184" classname="Scripts.Encrypt_Script"/>
  <testcase name="EncryptPage" time="11.535" classname="Scripts.Encrypt_Script"/>
  <testcase name="EncryptPage" time="20.269" classname="Scripts.Encrypt_Script"/>
</testsuite> <!-- Scripts.Encrypt_Script -->
