<?xml version="1.0" encoding="UTF-8"?>
<!-- Generated by org.testng.reporters.JUnitReportReporter -->
<testsuite skipped="0" hostname="CPU351" name="Scripts.LoginErrCheck_Script" tests="4" failures="0" timestamp="20 Jun 2019 05:51:05 GMT" time="11.000" errors="0">
  <testcase name="LoginErrCheck" time="1.306" classname="Scripts.LoginErrCheck_Script"/>
  <testcase name="LoginErrCheck" time="3.640" classname="Scripts.LoginErrCheck_Script"/>
  <testcase name="LoginErrCheck" time="3.241" classname="Scripts.LoginErrCheck_Script"/>
  <testcase name="LoginErrCheck" time="2.813" classname="Scripts.LoginErrCheck_Script"/>
</testsuite> <!-- Scripts.LoginErrCheck_Script -->
