<?xml version="1.0" encoding="UTF-8"?>
<!-- Generated by org.testng.reporters.JUnitReportReporter -->
<testsuite skipped="0" hostname="CPU351" name="Scripts.BulkDoc_Script" tests="6" failures="0" timestamp="21 Jun 2019 04:53:12 GMT" time="89.202" errors="0">
  <testcase name="bulkDoc" time="2.519" classname="Scripts.BulkDoc_Script"/>
  <testcase name="bulkDoc" time="0.598" classname="Scripts.BulkDoc_Script"/>
  <testcase name="bulkDoc" time="9.033" classname="Scripts.BulkDoc_Script"/>
  <testcase name="bulkDoc" time="49.710" classname="Scripts.BulkDoc_Script"/>
  <testcase name="bulkDoc" time="10.641" classname="Scripts.BulkDoc_Script"/>
  <testcase name="bulkDoc" time="16.701" classname="Scripts.BulkDoc_Script"/>
</testsuite> <!-- Scripts.BulkDoc_Script -->
