<?xml version="1.0" encoding="UTF-8"?>
<!-- Generated by org.testng.reporters.JUnitReportReporter -->
<testsuite skipped="0" hostname="CPU351" name="Scripts.Docstore_Script" tests="3" failures="0" timestamp="21 Jun 2019 06:41:03 GMT" time="75.728" errors="0">
  <testcase name="dash_docStore" time="42.554" classname="Scripts.Docstore_Script"/>
  <testcase name="uploadDoc" time="28.985" classname="Scripts.Docstore_Script"/>
  <testcase name="exprtExcel" time="4.189" classname="Scripts.Docstore_Script"/>
</testsuite> <!-- Scripts.Docstore_Script -->
