<?xml version="1.0" encoding="UTF-8"?>
<!-- Generated by org.testng.reporters.JUnitReportReporter -->
<testsuite skipped="0" hostname="CPU351" name="Scripts.Logout_Script" tests="1" failures="0" timestamp="16 May 2019 05:01:38 GMT" time="2.594" errors="0">
  <testcase name="Logout" time="2.594" classname="Scripts.Logout_Script"/>
</testsuite> <!-- Scripts.Logout_Script -->
