<?xml version="1.0" encoding="UTF-8"?>
<!-- Generated by org.testng.reporters.JUnitReportReporter -->
<testsuite skipped="0" hostname="CPU351" name="Scripts.AnyDoceSign_Script" tests="1" failures="0" timestamp="20 Jun 2019 12:10:05 GMT" time="96.266" errors="0">
  <testcase name="anyDoceSign" time="96.266" classname="Scripts.AnyDoceSign_Script"/>
</testsuite> <!-- Scripts.AnyDoceSign_Script -->
