<?xml version="1.0" encoding="UTF-8"?>
<!-- Generated by org.testng.reporters.JUnitReportReporter -->
<testsuite skipped="0" hostname="CPU351" name="Scripts.ManageWrkflwActivity_Script" tests="2" failures="0" timestamp="19 Jun 2019 10:59:07 GMT" time="34.062" errors="0">
  <testcase name="settingPage" time="5.816" classname="Scripts.ManageWrkflwActivity_Script"/>
  <testcase name="mangeWfActivity" time="28.246" classname="Scripts.ManageWrkflwActivity_Script"/>
</testsuite> <!-- Scripts.ManageWrkflwActivity_Script -->
