<?xml version="1.0" encoding="UTF-8"?>
<!-- Generated by org.testng.reporters.JUnitReportReporter -->
<testsuite skipped="0" hostname="CPU351" name="Scripts.ManageWrkflwFlexi_Script" tests="2" failures="0" timestamp="03 May 2019 04:32:49 GMT" time="100.993" errors="0">
  <testcase name="settingPage" time="5.034" classname="Scripts.ManageWrkflwFlexi_Script"/>
  <testcase name="mangeWfFlexi" time="95.959" classname="Scripts.ManageWrkflwFlexi_Script"/>
</testsuite> <!-- Scripts.ManageWrkflwFlexi_Script -->
