<?xml version="1.0" encoding="UTF-8"?>
<!-- Generated by org.testng.reporters.JUnitReportReporter -->
<testsuite skipped="0" hostname="CPU351" name="Scripts.Login_Script" tests="1" failures="0" timestamp="21 Jun 2019 07:25:35 GMT" time="16.231" errors="0">
  <testcase name="Login" time="16.231" classname="Scripts.Login_Script"/>
</testsuite> <!-- Scripts.Login_Script -->
