<?xml version="1.0" encoding="UTF-8"?>
<!-- Generated by org.testng.reporters.JUnitReportReporter -->
<testsuite skipped="0" hostname="CPU351" name="Scripts.CreateDoc_Script" tests="1" failures="0" timestamp="20 Jun 2019 09:59:55 GMT" time="96.737" errors="0">
  <testcase name="createDocument" time="96.737" classname="Scripts.CreateDoc_Script"/>
</testsuite> <!-- Scripts.CreateDoc_Script -->
