<?xml version="1.0" encoding="UTF-8"?>
<!-- Generated by org.testng.reporters.JUnitReportReporter -->
<testsuite skipped="0" hostname="CPU351" name="Scripts.Encrypt_Script" tests="11" failures="0" timestamp="03 May 2019 10:18:51 GMT" time="146.574" errors="0">
  <testcase name="settingPage" time="6.211" classname="Scripts.Encrypt_Script"/>
  <testcase name="EncryptPage" time="11.692" classname="Scripts.Encrypt_Script"/>
  <testcase name="EncryptPage" time="17.417" classname="Scripts.Encrypt_Script"/>
  <testcase name="EncryptPage" time="17.680" classname="Scripts.Encrypt_Script"/>
  <testcase name="EncryptPage" time="4.042" classname="Scripts.Encrypt_Script"/>
  <testcase name="EncryptPage" time="22.039" classname="Scripts.Encrypt_Script"/>
  <testcase name="EncryptPage" time="11.614" classname="Scripts.Encrypt_Script"/>
  <testcase name="EncryptPage" time="11.555" classname="Scripts.Encrypt_Script"/>
  <testcase name="EncryptPage" time="5.933" classname="Scripts.Encrypt_Script"/>
  <testcase name="EncryptPage" time="11.720" classname="Scripts.Encrypt_Script"/>
  <testcase name="EncryptPage" time="26.671" classname="Scripts.Encrypt_Script"/>
</testsuite> <!-- Scripts.Encrypt_Script -->
