<?xml version="1.0" encoding="UTF-8"?>
<!-- Generated by org.testng.reporters.JUnitReportReporter -->
<testsuite skipped="0" hostname="CPU351" name="Scripts.Decrypt_Script" tests="8" failures="0" timestamp="03 May 2019 10:29:57 GMT" time="64.204" errors="0">
  <testcase name="settingPage" time="5.998" classname="Scripts.Decrypt_Script"/>
  <testcase name="DecryptPage" time="0.000" classname="Scripts.Decrypt_Script"/>
  <testcase name="DecryptPage" time="0.002" classname="Scripts.Decrypt_Script"/>
  <testcase name="DecryptPage" time="0.000" classname="Scripts.Decrypt_Script"/>
  <testcase name="DecryptPage" time="18.935" classname="Scripts.Decrypt_Script"/>
  <testcase name="DecryptPage" time="6.051" classname="Scripts.Decrypt_Script"/>
  <testcase name="DecryptPage" time="33.217" classname="Scripts.Decrypt_Script"/>
  <testcase name="DecryptPage" time="0.001" classname="Scripts.Decrypt_Script"/>
</testsuite> <!-- Scripts.Decrypt_Script -->
