<?xml version="1.0" encoding="UTF-8"?>
<!-- Generated by org.testng.reporters.JUnitReportReporter -->
<testsuite skipped="0" hostname="CPU351" name="Scripts.Form16ChooseTemp_Script" tests="1" failures="0" timestamp="20 Jun 2019 10:29:00 GMT" time="73.995" errors="0">
  <testcase name="form16ChooseTemp" time="73.995" classname="Scripts.Form16ChooseTemp_Script"/>
</testsuite> <!-- Scripts.Form16ChooseTemp_Script -->
