<?xml version="1.0" encoding="UTF-8"?>
<!-- Generated by org.testng.reporters.JUnitReportReporter -->
<testsuite skipped="0" hostname="CPU351" name="Scripts.Workflows_Script" tests="1" failures="0" timestamp="19 Jun 2019 10:59:07 GMT" time="114.259" errors="0">
  <testcase name="workFlows" time="114.259" classname="Scripts.Workflows_Script"/>
</testsuite> <!-- Scripts.Workflows_Script -->
